12.0,0.8823831367382312
26.0,0.8547514258543241
35.0,0.8714929718592113
45.0,0.9378166132032424
55.0,0.9792854537876073
64.0,1.0348429832588129
74.0,1.014741346353838
84.0,1.0069260151570223
93.0,1.0214205793893132
103.0,0.9409038208021052
113.0,0.8882004278314665
122.0,0.9284934033152846
132.0,0.8626123115281858
142.0,0.804114419718985
152.0,0.8584870412533901
161.0,0.95524865872714
171.0,1.03860483341837
180.0,1.111125555461668
190.0,1.189327541092024
200.0,1.1927698856024158
209.0,1.1177208953938367
219.0,1.1000909053346455
229.0,1.1402192771568107
239.0,1.0854492157627644
248.0,1.0714476188783097
258.0,1.1472575996697516
267.0,1.2615070352558482
277.0,1.2613088440187834
287.0,1.2461942063739504
297.0,1.280195297601112
306.0,1.3069429979918787
316.0,1.2859626744194406
326.0,1.29
335.0,1.3303007178829906
345.0,1.3726616480400406
354.0,1.4023195071024293
364.0,1.4379151574414952
374.0,1.4404860290887933
384.0,1.3941664176130482
393.0,1.236325199937298
403.0,1.1615076409563563
413.0,1.1171839597846005
422.0,1.1159301053381434
432.0,1.0485227703774487
442.0,0.9233634170791042
451.0,0.8996110270555825
461.0,1.1284502647436438
471.0,1.3229134514396625
480.0,1.462224332994086
490.0,1.5829718885690929
500.0,1.5603525242713583
509.0,1.6301226947687097
519.0,1.6529065309327085
529.0,1.5990622251807463
538.0,1.3402984742213206
548.0,1.2484390253432485
558.0,1.2298373876248845
567.0,1.1224081254160627
577.0,1.1538630767989762
587.0,0.9773944955850734
596.0,0.7619055059520178
606.0,0.9027735042633894
616.0,0.9980480950335009
626.0,1.0249390225764654
635.0,0.8628441342444184
645.0,0.72069410986909
654.0,0.6007495318350236
664.0,0.6159545437773798
674.0,0.599749947894954
684.0,0.6014149981501957
693.0,0.6398437309218556
703.0,0.6303967004989794
713.0,0.5863446085707619
722.0,0.6149796744608719
732.0,0.6385922016435842
741.0,0.539351462406472
751.0,0.5158488150611572
761.0,0.4583666654546336
771.0,0.470425339453563
780.0,0.5529918625079396
790.0,0.6621933252457322
799.0,0.8266801074176153
809.0,1.00269636480841
819.0,1.1969126952288542
828.0,1.4398263784220653
838.0,1.6242536747688152
848.0,2.0549209230527583
857.0,2.5928555686732726
867.0,2.502858365948821
877.0,2.1711057090800527
887.0,1.6081044742180155
896.0,1.1260550608207398
906.0,0.9892421341612982
915.0,0.795361553005927
925.0,0.7689603370785778
935.0,0.8080841540334769
945.0,1.277888884058391
954.0,1.410709041581573
964.0,1.7600568172647155
974.0,1.9170028690641023
983.0,2.472973918180295
993.0,1.7119871494844814
1002.0,1.1761377470347596
1012.0,1.3032651303552936
1022.0,1.6883423823383692
1032.0,0.4649731175025068
1041.0,1.2774192733789482
1051.0,1.5711779020849295
1061.0,1.526630276131061
1070.0,1.6934284750174717
1080.0,1.6131026005806326
1090.0,1.5082771628583387
1099.0,1.3177632564311392
1109.0,1.0555567251455509
1119.0,1.064048871058092
1128.0,1.0183319694480775
1138.0,1.0067770358922576
1148.0,1.0488088481701516
1157.0,1.00772019926168
1167.0,1.0099504938362078
1176.0,0.8830628516702536
1186.0,0.7763375554486591
1196.0,0.7533259586659682
1206.0,0.7424957912338628
1215.0,0.7676587783644501
1225.0,0.8887631855561975
1235.0,0.9970456358662827
1244.0,0.9065870063044142
1254.0,0.9215204826806618
1264.0,0.9351470472604829
1273.0,0.8584287972802404
1283.0,0.8452810183601664
1293.0,0.8741281370600079
1302.0,0.8996666049153986
1312.0,0.9712363255150623
1322.0,1.044222198576529
1331.0,1.0801388799594245
1341.0,1.1773699503554522
1351.0,1.232761128524095
1361.0,1.2336531116971254
1370.0,1.1937336386313322
1380.0,1.176222768016331
1389.0,1.1807201192492656
1399.0,1.193440404879942
1409.0,1.2323148948219365
1418.0,1.2660568707605515
1428.0,1.2856904759700136
1438.0,1.3519245541079576
1447.0,1.335365118609888
1457.0,1.2644761761298628
1467.0,1.324915091619082
1477.0,1.4785127662620976
1486.0,1.5519020587653074
1496.0,1.518453160291749
1506.0,1.487346630748865
1515.0,1.3987494414654826
1525.0,1.217538500417954
1535.0,1.113642671596235
1544.0,1.1251666543228163
1554.0,1.162282237668631
1564.0,1.2226610323388898
1573.0,1.3904675472660264
1583.0,1.51960521188893
1593.0,1.7072199623950042
1602.0,1.7015581094984678
1612.0,1.6854672942540299
1622.0,1.6632798922610712
1631.0,1.645539425234169
1641.0,1.5840770183296013
1651.0,1.4920120642943875
1660.0,1.3029581727745523
1670.0,1.2798828071350907
1680.0,1.1932309080810806
1689.0,1.4596232390586277
1699.0,1.511224668935761
1709.0,1.023474474522936
1718.0,1.0367738422626218
1728.0,1.050951949424901
1738.0,0.9451983918733675
1747.0,0.8947625383307015
1757.0,0.6428841264178172
1767.0,0.4115823125451336
1776.0,0.43703546766824314
1786.0,0.49040799340956914
1796.0,0.4234383071948026
1805.0,0.46914816422959604
1815.0,0.49203658400570177
1825.0,0.5231634543811332
1834.0,0.5262128846769148
1844.0,0.5080354318352215
1854.0,0.3894868418830089
1863.0,0.35791060336346564
1873.0,0.3056141357987225
1883.0,0.396232255123179
1892.0,0.5374011537017761
1902.0,0.6884039511798287
1912.0,0.848645980371085
1921.0,1.00069975517135
1931.0,1.2678327965469263
1941.0,1.6418891558202096
1950.0,2.3176280978621224
1960.0,3.253244534307251
1970.0,3.163321039667014
1979.0,2.312531080872212
1989.0,1.2741271522104847
1999.0,0.813756720402357
2009.0,0.8958236433584459
2018.0,1.4583552379307314
2028.0,1.8403803954617644
2037.0,1.661475248085267
2047.0,1.4607532303575441
2057.0,1.8765127231116767
2067.0,1.7491712323268984
2076.0,1.1204017136723774
2086.0,0.7698051701567092
2095.0,0.9247702417357513
2105.0,1.8539147768977948
2115.0,0.22293496809607954
2124.0,0.7710382610480494
2134.0,1.4656056768449008
2144.0,1.654508990607183
2153.0,1.6966437457521835
2163.0,2.027929979067325
2173.0,1.8180484041961038
2183.0,1.3601838111078959
2192.0,1.1378049041905207
2202.0,1.0692053123698928
2212.0,1.200708124399931
2221.0,1.2525973016097391
2231.0,1.2564234954823155
2241.0,1.034311365112073
2250.0,0.9374966666607407
2260.0,0.7071774883294858
2270.0,0.7159608927867499
2279.0,0.7785884663928692
2289.0,0.8062877898120497
2299.0,0.8043631020876081
2308.0,0.8125269226308751
2318.0,0.8903931715820825
2328.0,0.9583840566286566
2337.0,0.8558621384311844
2347.0,0.8016233529532433
2357.0,0.8672369918309527
2366.0,0.7549172140042907
2376.0,0.7782673062643709
2385.0,0.8461678320522472
2395.0,0.9506313691436864
2405.0,0.996393496566492
2414.0,1.0346980235798269
2424.0,1.1454693361238442
2434.0,1.2912397143830419
2443.0,1.2920526305069775
2453.0,1.237012530251816
2463.0,1.1871815362445628
2472.0,1.2282507887235408
2482.0,1.2660568707605515
2492.0,1.2643575443678896
2502.0,1.3304510513355987
2511.0,1.3400373129133383
2521.0,1.381882773609976
2530.0,1.2872062771754962
2541.0,1.2616259350536512
2550.0,1.312097557348538
2560.0,1.4061649974309558
2569.0,1.372479508043745
2579.0,1.476312974948063
2589.0,1.450448206589949
2598.0,1.3328915934913836
2608.0,1.2048651376813921
2618.0,1.129690223025764
2627.0,1.1092790451459902
2637.0,1.02230132544177
2647.0,0.941541289588513
2656.0,1.0463746938836012
2666.0,1.274127152210485
2676.0,1.4174977954127477
2685.0,1.6891121928397772
2695.0,1.9123284236762261
2705.0,2.0377929237290036
2714.0,1.9341406360448559
2724.0,1.6370094685126289
2734.0,1.419366055674152
2743.0,1.2728707711311464
2753.0,1.3237069162016188
2763.0,1.4049555153100044
2772.0,1.3489996293550268
2782.0,1.154729405531876
2792.0,1.0791200118615167
2801.0,1.0261091559868276
2811.0,1.010099005048515
2821.0,0.9606768447297979
2830.0,0.6763135367564367
2840.0,0.6218520724416701
2850.0,0.4567274898667695
2860.0,0.431740662898458
2869.0,0.463033476111609
2879.0,0.43852023898561393
2888.0,0.4448595283907045
2898.0,0.4512205669071391
2908.0,0.4879549159502341
2918.0,0.5366563145999496
2927.0,0.535723809439155
2937.0,0.42449970553582245
2947.0,0.3159113799786263
2956.0,0.3271085446759225
2966.0,0.2944486372867091
2975.0,0.3778888725538237
2985.0,0.5258326730053963
2995.0,0.6532993188424431
3005.0,0.8748714191239761
3014.0,1.2270289320142374
3024.0,1.680386860219991
3034.0,2.436165019041198
3043.0,3.0784736477676726
3053.0,2.824694673765644
3063.0,2.0444070044880984
3072.0,1.3087780560507576
3082.0,1.0703737664946764
3092.0,0.9896464014990405
3101.0,1.0526632889960588
3111.0,1.364038122634408
3121.0,1.9948684167132427
3130.0,1.7747394174920441
3140.0,2.0779316639389274
3150.0,2.5309879493984164
3159.0,1.5769273921141709
3169.0,1.0959927007056205
3179.0,0.6579513659838393
3188.0,1.4484474446799926
3198.0,1.8968658360569415
3208.0,1.130796179689337
3217.0,1.2488394612599332
3227.0,1.7038192392387168
3237.0,1.5391556126655939
3246.0,1.4538913301894334
3256.0,1.5435996890385797
3266.0,1.8333575755972973
3275.0,1.684695818241382
3285.0,1.4017845768876185
