71033.0,0.967574286553751
71038.0,0.9253647929330356
71047.0,0.8491760712596652
71056.0,0.7349829930005184
71066.0,0.6886218120274727
71076.0,0.6268971207462992
71085.0,0.6110646446980875
71095.0,0.620322496770833
71105.0,0.6139218191268332
71115.0,0.6237788069500277
71124.0,0.6640783086353597
71134.0,0.6847627326307997
71144.0,0.6809552114493287
71153.0,0.6110646446980875
71163.0,0.5643580423808985
71173.0,0.5840376700179535
71182.0,0.6211280061307815
71192.0,0.723118247591637
71202.0,0.8411301920630361
71211.0,1.0616025621672172
71221.0,1.3006152390311285
71231.0,1.4516886718577093
71240.0,1.638596960817394
71250.0,1.8250205478295305
71260.0,2.0335437049643166
71269.0,1.9926615367392426
71279.0,1.5710187777362814
71289.0,1.124010676105881
71298.0,0.8653900854527974
71308.0,0.9150956234186676
71318.0,1.4962285921609706
71327.0,1.6071403174583108
71337.0,1.506685103132038
71347.0,1.2603967629282455
71356.0,1.3097327971765844
71366.0,1.812181006411887
71376.0,2.109976303184469
71385.0,1.5071164520368026
71395.0,0.8401190391843288
71405.0,0.8373768566183329
71414.0,1.0582060290888538
71424.0,0.6186275131288618
71434.0,0.5665686189686119
71444.0,1.6620770138594663
71453.0,1.8049930747789589
71463.0,1.5629139451678074
71472.0,1.526630276131061
71482.0,1.3113351974228407
71492.0,1.0591506030777682
71501.0,1.0767079455451232
71511.0,1.0512373661547614
71521.0,1.1261438629233833
71530.0,1.168973909033046
71540.0,1.0999545445153631
71550.0,0.8873556220591606
71560.0,0.8932524839036273
71569.0,0.7569676347110225
71579.0,0.8287943049997388
71588.0,0.8324662155306966
71598.0,0.9664884893261791
71608.0,0.9291931984253867
71617.0,0.9460443964212251
71627.0,0.9102197536858888
71637.0,0.9198912979260103
71646.0,0.8315046602394962
71656.0,0.8598837130682265
71666.0,0.9813256340277675
71676.0,0.9642095207992918
71685.0,0.9542012366372201
71695.0,0.9033271832508973
71705.0,0.8931405264570632
71714.0,0.9053728513711906
71724.0,0.9339164844888433
71734.0,1.0279105019407087
71743.0,1.087841900277793
71753.0,1.120580206857144
71762.0,1.1655899793666724
71772.0,1.1849472562101657
71782.0,1.18536914081648
71792.0,1.1723907198540937
71801.0,1.1657186624567695
71811.0,1.1452074047961793
71821.0,1.1517812292271479
71830.0,1.1693160394008115
71840.0,1.152258651518833
71850.0,1.120580206857144
71859.0,1.122051692213866
71869.0,1.1631852818876278
71879.0,1.1962023240238249
71888.0,1.2805077118080936
71898.0,1.5117208737065186
71908.0,1.5459948253470968
71917.0,1.327893067984015
71927.0,1.3512216694532397
71937.0,1.4459598887935998
71946.0,1.4757709849431249
71956.0,1.4693195704134618
71966.0,1.3891724155050014
71975.0,1.223478647136925
71985.0,1.077032961426901
71995.0,0.9604686356149273
72005.0,1.0392785959500945
72014.0,1.1975391434103524
72024.0,1.1672617529928753
72034.0,1.1559411749738824
72043.0,1.2303251602726817
72053.0,1.244748970676417
72062.0,1.3578291497828436
72072.0,1.3577555008174336
72082.0,1.3221951444472937
72091.0,1.3009996156801893
72101.0,1.3442470011125187
72111.0,1.2835108102388542
72120.0,1.276401190848708
72130.0,1.214742771124817
72140.0,1.2165936051122412
72149.0,1.0421612159354234
72159.0,0.7707788269017254
72169.0,0.8254695633395578
72179.0,0.6910861017268399
72188.0,0.6813956266369781
72198.0,0.7598684096605148
72207.0,0.7569676347110225
72217.0,0.724568837309472
72227.0,0.7731752712031084
72236.0,0.7828793010419933
72246.0,0.7134423592694787
72256.0,0.7116178749862878
72266.0,0.7071067811865476
72275.0,0.7075309180523491
72285.0,0.6482283548256741
72295.0,0.6836665854054884
72304.0,0.6618912297349164
72314.0,0.6745368781616021
72323.0,0.5914389233048498
72333.0,0.6649060083951717
72343.0,0.6777905281132217
72353.0,0.6555150646628954
72362.0,0.7917701686727027
72372.0,0.9741663102366043
72382.0,1.2557866060760483
72391.0,1.616477652180815
72401.0,1.8531324831214848
72410.0,1.8762196033513774
72421.0,1.7745140179778802
72430.0,1.6087883639559306
72440.0,1.5153547439461164
72449.0,1.4087583185202492
72459.0,1.2943724348115575
72469.0,1.5473202641987212
72478.0,2.0187124609512868
72488.0,2.105469068877527
72498.0,2.0642189806316575
72507.0,1.433527118683145
72517.0,0.9857991681879226
72527.0,0.6711929677819933
72536.0,0.3651027252705737
72546.0,0.5412023651093923
72556.0,0.8732124598286489
72566.0,1.0311159003720192
72575.0,1.1445086281894077
72585.0,1.600624877977348
72594.0,1.6881646839097186
72604.0,1.3107631364972085
72614.0,0.9912618221237011
72624.0,0.893420393767682
72633.0,0.8084553172563095
72643.0,0.8619744775803979
72652.0,1.0536602868097478
72662.0,1.011236866416568
72672.0,1.0757787876696583
72681.0,1.1787281281109736
72691.0,1.1625833303466895
72701.0,1.1048076755707303
72710.0,1.0148398888494676
72720.0,0.9870157040290696
72730.0,0.9336487562247378
72739.0,0.9166787877986486
72749.0,0.8691375035056306
72759.0,0.8662563131083085
72769.0,0.9027181176868003
72778.0,0.944986772394196
72788.0,1.027277956543408
72798.0,1.0323274674249445
72807.0,0.9615092303249096
72817.0,0.926390846241477
72826.0,0.9068627239003707
72836.0,0.820243866176395
72846.0,0.9001111042532471
72856.0,0.9012768719988326
72865.0,0.9449867723941959
72875.0,0.9932774033471213
72884.0,1.075267408601228
72894.0,1.0737318100903968
72904.0,1.0971326264403953
72914.0,1.14564392373896
72923.0,1.1930632841555389
72933.0,1.2060265337047937
72943.0,1.209876026706869
72952.0,1.1874342087037917
72962.0,1.167946916601949
72972.0,1.1677328461596
72981.0,1.1907140714714006
72991.0,1.1524755962709146
73001.0,1.0757787876696585
73010.0,1.0741508273980893
73020.0,1.1153474794878948
73030.0,1.1428473213863695
73039.0,1.2161414391426681
73049.0,1.6030283840281807
73058.0,1.5702547564010116
73068.0,1.254830665866913
73078.0,1.3466254119093402
73088.0,1.2248673397556162
73097.0,1.1890752709563848
73107.0,1.2434226956268735
73117.0,1.2488394612599332
73127.0,1.2592458060283545
73136.0,1.3693063937629153
73146.0,1.6421327595538675
73155.0,1.76207264322445
73165.0,1.4656739064334878
73175.0,1.3576818478568533
73184.0,1.264792473095883
73194.0,1.3030732903409539
73204.0,1.3566502865514016
73214.0,1.2848735346328837
73223.0,1.366235704408284
73233.0,1.428040615668896
73242.0,1.417391971192161
73252.0,1.2015822901491182
73262.0,1.0750813922675808
73271.0,0.9568176419778222
73281.0,0.7368174807915459
73291.0,0.6456779382943172
73300.0,0.6191930232165088
73310.0,0.75
73320.0,0.6786015030929419
73330.0,0.6763135367564367
73339.0,0.7022819946431775
73349.0,0.6830812543175226
73359.0,0.6034069936618236
73368.0,0.4888762624632127
73378.0,0.4696807426326951
73387.0,0.5003998401278721
73397.0,0.5492722457943784
73407.0,0.5890670590009256
73417.0,0.5960704656330491
73426.0,0.5734108474732581
73436.0,0.687749954561976
73446.0,0.6104096984812741
73455.0,0.6537583651472462
73465.0,0.7120393247567159
73474.0,0.7539230729988307
73484.0,0.9534149149242422
73494.0,1.2584911600801971
73504.0,1.5370426148939398
73513.0,1.8706683297688023
73523.0,2.148790357387151
73533.0,2.1251352898109803
73542.0,1.6474829285913708
73552.0,1.177030161040914
73561.0,1.0795369377654476
73571.0,1.193901168438996
73581.0,1.6092544857790516
73590.0,2.0247222031676344
73600.0,1.913426246292237
73610.0,1.6667033329300087
73620.0,1.2285357137665962
73629.0,1.3656500283747663
73639.0,1.4948578527739684
73649.0,1.0660206376989143
73658.0,0.6768308503607087
73668.0,1.13017697729161
73678.0,1.1252110913068711
73687.0,0.5630275304103699
73697.0,1.1233432244866215
73707.0,1.6165704438718407
73716.0,1.670748335327616
73726.0,1.2737739202856997
73736.0,1.1003635762783135
73745.0,1.1545128842936314
73755.0,1.135341358358798
73765.0,1.0670051546267245
73774.0,0.9792854537876073
73784.0,1.0627323275406653
73794.0,1.1573245007343447
73804.0,1.1927279656317278
73813.0,1.1161541112229978
73823.0,1.0812030336620408
73832.0,0.9535197952848173
73842.0,0.8060397012554654
73852.0,0.7617086057016818
73862.0,0.8218272324521742
73871.0,0.8429116205154606
73881.0,0.8833459118601273
73890.0,0.9821405194777375
73900.0,1.0807867504739312
73910.0,1.039855759228173
73920.0,0.9811218069128828
73929.0,0.889606654651369
73939.0,0.8080222769206304
73949.0,0.8151686941977103
73958.0,0.8881441324469806
73968.0,0.8762419757121888
73977.0,0.8796590248499699
73987.0,0.924824307639024
73997.0,0.9191844211038391
74007.0,1.011236866416568
74016.0,1.047902667235846
74026.0,1.046279121458514
74036.0,1.118257573191436
74045.0,1.189075270956385
74055.0,1.22155638429014
74064.0,1.1977478866606277
74074.0,1.1854956769216831
74084.0,1.2318279100588687
