11.0,0.9370165420097982
25.0,0.9396807968666807
35.0,1.0203920815059278
45.0,1.047377677822093
54.0,1.0606601717798212
64.0,1.058772874605314
74.0,1.084665847162157
83.0,1.095171219490359
93.0,1.095673308974897
103.0,1.114629983447422
112.0,1.1340634902861482
122.0,1.1330048543585327
132.0,1.146516463030514
141.0,1.1198660634200859
151.0,1.184989451429843
160.0,1.2937542270462348
170.0,1.3298872132628392
180.0,1.3432051220867198
190.0,1.3764083696345355
199.0,1.3649175799292792
209.0,1.4296153328780439
219.0,1.4823629784907608
228.0,1.5601602481796542
238.0,1.5765151442342695
248.0,1.5280379576437229
257.0,1.4596232390586277
267.0,1.3399626860476377
277.0,1.2267844146385296
286.0,1.1230316113093166
296.0,1.0486658190291127
306.0,1.209545369136685
316.0,1.3775703248836337
325.0,1.6517869111964774
335.0,1.8424168909342966
344.0,1.588521325006372
354.0,1.409148679167674
364.0,1.2527569596693526
373.0,1.2706691150728422
383.0,1.4957941034781492
393.0,1.388128236151113
402.0,1.4291955779388628
412.0,1.3883083231040574
422.0,1.205404496424333
431.0,1.0259629622944486
441.0,1.1043097391583576
451.0,1.0073728207570423
460.0,0.8704022058795577
470.0,0.7114773362518303
480.0,0.5792236183029832
490.0,0.543783044972901
499.0,0.5226853738148792
509.0,0.48363209157374987
518.0,0.46270941205037097
528.0,0.4811444689487763
538.0,0.48959166659574593
548.0,0.523545604508337
557.0,0.5485435260760991
567.0,0.5877074101966046
577.0,0.6009159675029446
586.0,0.6056401571890688
596.0,0.6240192304729077
605.0,0.7028513356322231
615.0,0.8016233529532433
625.0,0.9477341399358787
634.0,1.1331372379372238
644.0,1.2977287852244013
654.0,1.6325133996387289
663.0,1.963338992634741
673.0,2.19456145960873
683.0,2.2767081499392936
693.0,2.0909806311871946
702.0,1.8063775906493083
712.0,1.3587494250228775
722.0,1.013706071797935
731.0,0.8013114251026251
741.0,0.7931582439841371
750.0,0.8015609770940699
760.0,0.8940917178902845
770.0,0.899166280506559
780.0,1.0667239567948215
789.0,1.2010412149464313
799.0,1.5983116091676242
809.0,1.7878758346149208
818.0,1.5697770542341354
828.0,1.2516389255691915
838.0,1.102905254316979
847.0,1.1253888216967505
857.0,1.1207586716149023
867.0,1.2177438154226037
876.0,1.4211966788590522
886.0,1.2130127781684743
895.0,0.9754486147409304
905.0,0.8863972021616494
915.0,1.176817742898194
925.0,1.342609399639374
934.0,1.4747203124660622
944.0,1.369890506573427
954.0,1.1861281549647154
963.0,0.9971960689854328
973.0,0.9137833441248533
983.0,0.9567131231461183
992.0,0.9029950165975447
1002.0,0.8989994438263018
1012.0,0.9200543462209175
1021.0,0.9608329719571451
1031.0,1.0348912986396204
1041.0,1.00980196078241
1050.0,0.982700361249552
1060.0,0.9402659198333203
1070.0,0.9759610647971567
1079.0,0.8924684868386109
1089.0,0.9053728513711906
1099.0,0.8830628516702533
1108.0,0.8866228059327146
1118.0,0.899499861033897
1128.0,0.9210320298447824
1137.0,0.9366429415737888
1147.0,0.946255779374689
1157.0,0.986610358753647
1167.0,1.0203430795570674
1176.0,1.0483320084782302
1186.0,1.063296760081587
1196.0,1.1076551810017412
1205.0,1.106842355532169
1215.0,1.1180787092150535
1225.0,1.128716084761797
1234.0,1.1610770861575042
1244.0,1.2103305333668155
1254.0,1.2329639086364208
1263.0,1.2469562943423478
1273.0,1.2387493693237546
1283.0,1.250919661688951
1292.0,1.3315029102484155
1302.0,1.5081445554057475
1311.0,1.6319926470422592
1321.0,1.6282813024781682
1331.0,1.6064868502418561
1340.0,1.5137040661899537
1350.0,1.4026403673073151
1360.0,1.2567816039392046
1370.0,1.1738398527908311
1379.0,1.3069047402163634
1389.0,1.5431785379534022
1399.0,1.6857342613828552
1408.0,1.8929342302362224
1418.0,1.9403350226185165
1428.0,1.7562175263901678
1437.0,1.4779377524104322
1447.0,1.1954915307102765
1457.0,1.4834419435892998
1466.0,1.6149612998459129
1476.0,1.3659795020423988
1486.0,1.4255875981503208
1495.0,1.3082430966758434
1505.0,1.0682228231974826
1514.0,1.1264990013311154
1524.0,0.8306021911842035
1534.0,0.8914033879226622
1543.0,0.761051903617618
1553.0,0.6506150935845249
1563.0,0.59
1573.0,0.548725796732758
1582.0,0.5269724850502159
1592.0,0.5221110992882645
1601.0,0.543783044972901
1611.0,0.582494635168428
1621.0,0.5957348403442593
1630.0,0.6040695324215583
1640.0,0.547905101272109
1650.0,0.5069516742254631
1659.0,0.48363209157374987
1669.0,0.4809365862564419
1679.0,0.5148786264742401
1689.0,0.6378871373526825
1698.0,0.8581375181169972
1708.0,1.1132385189167682
1718.0,1.3773525329413672
1727.0,1.6590660023037058
1737.0,2.006414712864716
1747.0,2.3310727144385694
1756.0,2.306013876801265
1766.0,2.1219095173922944
1776.0,1.7193603461752862
1785.0,1.2720455966670376
1795.0,0.9246080250571049
1805.0,0.7624303246854757
1814.0,0.7349149610669251
1824.0,0.9222255689363639
1834.0,1.1776671855834313
1843.0,1.54434452114805
1853.0,1.4698299221338502
1863.0,1.7763445611704953
1873.0,1.9775237040298657
1882.0,2.3413457668614432
1892.0,1.951742810925661
1901.0,1.3919770113044252
1911.0,1.3034185820372517
1921.0,1.102769241500687
1931.0,1.0141005867269774
1940.0,0.8755569655939013
1950.0,0.8355237878121723
1960.0,0.9002777349240622
1969.0,0.7517313349861106
1979.0,0.7413501197140254
1988.0,0.8577878525602936
1998.0,1.2055289295574785
2008.0,1.553994851986325
2017.0,1.6316249569064578
2027.0,1.320075755401939
2037.0,1.0381714694596456
2046.0,1.0642368157510809
2056.0,0.942443632266673
2066.0,0.8729833904490967
2075.0,0.8904493247793498
2085.0,0.9580187889597991
2095.0,1.0016985574512922
2105.0,1.0000499987500624
2114.0,0.9897979591815695
2124.0,0.8544588931013593
2134.0,0.7630203142774117
2143.0,0.8023714850367004
2153.0,0.9808669634563089
2163.0,0.8519976525789258
2172.0,0.9272000862812729
2182.0,0.9356281312572854
2191.0,0.9222255689363639
2201.0,0.9816822296446034
2211.0,1.036243214694311
2220.0,1.0463746938836012
2230.0,1.0720541031123383
2240.0,1.0463746938836012
2249.0,1.0365326815879952
2259.0,1.0630616162763098
2269.0,1.060848716830067
2278.0,1.06268527796333
2288.0,1.0587256490706174
2298.0,1.1074746046749786
2308.0,1.1597844627343479
2317.0,1.2124355652982142
2327.0,1.2169223475637219
2337.0,1.196703806294607
2346.0,1.1981235328629514
2356.0,1.248719343968051
2366.0,1.353920233987217
2375.0,1.4589722409970656
2385.0,1.5343076614551594
2395.0,1.551418705572419
2404.0,1.4849242404917498
2414.0,1.433527118683145
2424.0,1.3213250924734607
2433.0,1.2686212988910441
2443.0,1.3229134514396625
2453.0,1.4857321427498296
2462.0,1.5547025438970632
2472.0,1.676126486873828
2481.0,1.8556400513030535
2491.0,1.8529975715040752
2501.0,1.5023648025696021
2511.0,1.3761540611428649
2520.0,1.353994091567611
2530.0,1.3441726079637244
2540.0,1.4561593319413917
2549.0,1.3421251804507655
2559.0,1.1434159348198711
2569.0,1.1218734331465383
2578.0,0.9244457799135654
2588.0,0.806225774829855
2598.0,0.8521150157109074
2607.0,0.8040522371090078
2617.0,0.6730527468185536
2627.0,0.6303967004989794
2637.0,0.6001666435249463
2646.0,0.5635601121442149
2656.0,0.5717516943569122
2665.0,0.5801723881744114
2675.0,0.6033241251599343
2685.0,0.6425729530566938
2695.0,0.6756478372643547
2704.0,0.6705221845696084
2714.0,0.6431174076325411
2723.0,0.6313477647065839
2733.0,0.6428841264178172
2743.0,0.6456779382943172
2753.0,0.6673080248281149
2762.0,0.7256721022610694
2772.0,0.8627282306729043
2782.0,0.995238664843765
2791.0,1.1915536076903968
2801.0,1.4294404499663496
2811.0,1.6674231616479362
2820.0,1.8630351580150066
2830.0,1.9616574624536263
2839.0,1.9908540880737595
2849.0,1.9536888186197923
2859.0,1.6585837331892532
2868.0,1.3283448347473634
2878.0,1.0616025621672172
2888.0,0.8458723307923011
2898.0,0.7256031973468694
2907.0,0.7344385610791416
2917.0,0.9364827814754524
2926.0,1.2837834708392222
2936.0,1.3357020625873122
2946.0,1.6185796242384864
2956.0,1.8008053753806934
2965.0,1.924811679100062
2975.0,1.445856147754679
2985.0,1.1009995458672996
2994.0,1.0817116066678771
3004.0,1.0758252646224664
3013.0,1.0657391800998968
3023.0,1.046995701996909
3033.0,1.1621101496846156
3043.0,1.1347686988985906
3052.0,1.0195096860746347
3062.0,0.9069729874698583
3072.0,0.9121951545584968
3081.0,1.1453383779477573
3091.0,1.3076314465475356
3101.0,1.3562816816576122
3110.0,1.2696850003051938
3120.0,1.118033988749895
3130.0,0.9706183596038146
3139.0,0.9439279633531364
3149.0,0.8563877626402656
3159.0,0.981172767661231
3168.0,0.9248783703817492
3178.0,0.8764701934464172
3188.0,0.8976079322287654
3198.0,0.9398936110007345
3207.0,0.9153687781435415
3217.0,0.8528188553262643
3227.0,0.8339664261827332
3236.0,0.9038252043398657
3246.0,0.9091754506144565
3256.0,0.8764701934464172
3265.0,0.9268225288586808
3275.0,0.9700515450222221
3284.0,0.985393322486001
3294.0,1.0008995953640905
3304.0,1.0007996802557444
3313.0,0.9930256794262674
3323.0,0.994786409235671
3333.0,1.0339729203417274
3342.0,1.07060730429042
3352.0,1.0823585357911676
3362.0,1.093023330034634
3371.0,1.1291146974510604
3381.0,1.1367057666784313
3391.0,1.158878768465451
3400.0,1.2161003248087716
3410.0,1.174734012447073
3420.0,1.1669190203266036
3430.0,1.1730728877610292
3439.0,1.1766902736064404
3449.0,1.1751170154499508
3458.0,1.3101526628603248
3468.0,1.4695917800532228
3478.0,1.5209865219652672
3487.0,1.4759742545180115
3497.0,1.4332480594788888
3507.0,1.3162066707018318
3517.0,1.1552056094046637
3526.0,1.0944861808172819
3536.0,1.1910079764636339
3546.0,1.3612494260788506
3555.0,1.3948835076808386
3565.0,1.4635231463834113
3575.0,1.575753787874235
3584.0,1.6928673899629587
3594.0,1.6109934822959402
3604.0,1.366235704408284
3613.0,1.1873921003611232
3623.0,1.3014991356124674
3632.0,1.692040188648012
3642.0,1.4179562757715767
3652.0,1.2043670536842164
3662.0,1.0534704552098269
3671.0,1.1354734695271396
3681.0,0.9833107342035883
3691.0,0.8487638069569177
3700.0,0.8275868534480232
3710.0,0.8210359310042407
3720.0,0.7664854858377945
3729.0,0.6851277253184257
3739.0,0.6359245238233858
3749.0,0.6240192304729077
3758.0,0.594474557908074
3768.0,0.6028266749240614
3778.0,0.608769250208977
3787.0,0.6191930232165088
3797.0,0.6082762530298219
3807.0,0.5743692192309752
3816.0,0.5338539126015656
3826.0,0.5016971197844372
3836.0,0.5040833264451424
3845.0,0.5263078946776307
3855.0,0.5503635162326805
3865.0,0.6105735008989499
3874.0,0.7125307010929424
3884.0,0.8554530963179687
3894.0,1.0317945531936095
3903.0,1.2400806425390245
3913.0,1.465980900284857
3923.0,1.7095320997278758
3932.0,1.9263955980016152
3942.0,2.1711517680715002
3952.0,2.2204053683956
3961.0,2.060388312915796
3971.0,1.6889641796083184
3981.0,1.2817175976009691
3990.0,1.0236210236215355
4000.0,0.7706490770772388
4010.0,0.7074602462329597
4019.0,1.3515176654413363
4029.0,1.6230218729271642
4039.0,1.4568802284333466
4049.0,1.54483008774428
4058.0,2.143011899173684
4068.0,2.3825406607233384
4078.0,2.518571023417843
4087.0,2.3557164515280697
4097.0,1.2723600119463043
4106.0,0.978263768111648
4116.0,0.943716058992322
4126.0,0.8661408661412991
4136.0,0.8741281370600079
4145.0,0.9069178573608526
4155.0,0.9543060305792895
4165.0,1.0436953578511308
4174.0,1.0945775440780794
4184.0,1.109684639886486
4194.0,1.0959470790143109
4203.0,1.103902169578446
4213.0,1.1060289327137875
4223.0,1.0749883720301352
4232.0,1.0323274674249445
4242.0,0.986458311334037
4252.0,0.9879777325425912
4261.0,0.973139250056229
4271.0,0.969639108122192
4281.0,0.9467312184564318
4290.0,0.9580709785814411
4300.0,0.9432391001225512
4309.0,0.9332738076256079
4319.0,0.9330058949438638
4329.0,0.9632237538599223
4339.0,1.0057335631269348
4348.0,1.0363397126425293
4358.0,1.0532331175955303
4368.0,1.0477117924314874
4377.0,1.0320368210485515
4387.0,1.0406248123122954
4397.0,1.0388936422945325
