11.0,1.0959470790143109
25.0,0.986610358753647
35.0,0.9958915603618699
44.0,0.9018314698434514
54.0,0.8303011501858828
64.0,0.7605918747922568
74.0,0.645832795698701
83.0,0.5019960159204453
93.0,0.5690342696182717
103.0,0.5652433104425032
112.0,0.5405552700695831
122.0,0.4969909455915671
131.0,0.4632493928760188
141.0,0.4478839135311738
151.0,0.4649731175025068
161.0,0.4958830507286975
170.0,0.5227810249043093
180.0,0.5316013544000805
189.0,0.5523585791856591
199.0,0.5893216439263028
209.0,0.6649060083951716
219.0,0.7887965517166007
228.0,0.9706698717895802
238.0,1.162540321881353
248.0,1.3846660247149851
257.0,1.5398051824825114
267.0,1.7205522369285973
276.0,1.9530744993471192
286.0,2.158795960715139
296.0,2.2530423875284726
306.0,1.8965758619153625
315.0,1.2493598360760603
325.0,0.9246621004453465
335.0,0.8149233092751734
344.0,0.6048966853934645
354.0,0.42778499272414877
364.0,0.7174259543674176
373.0,1.1714094075087496
383.0,1.5412008305214475
393.0,1.7891618149289907
402.0,2.2909823220618706
412.0,2.119268741806947
422.0,1.7804774640528307
431.0,1.4388189601197228
441.0,1.191091935998225
451.0,1.0410091258005378
460.0,0.941541289588513
470.0,0.8538149682454624
480.0,0.8705745229444749
489.0,0.8108020720249794
499.0,0.7806407624509496
509.0,0.848645980371085
518.0,0.9565040512198576
528.0,1.3038788287260439
538.0,1.7716376604712376
547.0,1.9048884481774782
557.0,1.5180579699076053
567.0,1.11579568022107
576.0,1.0339729203417274
586.0,0.9284395510748128
596.0,0.86
605.0,0.8322259308625273
615.0,0.8213403679352428
625.0,0.8591274643497319
635.0,0.8991106717195608
644.0,0.8941476388158726
654.0,0.8932524839036273
664.0,0.9250945897582582
673.0,0.9453570753953239
683.0,0.9497894503520241
692.0,0.9340235543068494
702.0,0.9362157870918436
712.0,0.9453570753953238
721.0,0.9373366524360393
731.0,0.9601041610158764
741.0,0.9627564593395361
750.0,0.9654532614269838
760.0,1.00069975517135
770.0,1.0296115772464878
779.0,1.0447966309287182
789.0,1.0225947388873073
799.0,1.0324243313676793
809.0,1.076336378647493
818.0,1.137233485261492
828.0,1.2003749414245533
837.0,1.209214621148785
847.0,1.1867602959317436
857.0,1.1715374513859982
867.0,1.1880235687897778
876.0,1.288642696793801
886.0,1.3859292911256333
896.0,1.4997666485156946
905.0,1.5137370973851436
915.0,1.4995999466524397
925.0,1.4541320435228708
934.0,1.473295625460145
944.0,1.3991783303067555
954.0,1.3465140177510222
963.0,1.3679912280420514
973.0,1.4158036587041298
983.0,1.570063692975543
992.0,1.708859268635074
1002.0,1.7182840277439584
1012.0,1.6945500877814148
1021.0,1.509271347372632
1031.0,1.2519584657647393
1041.0,1.104671896990233
1050.0,1.0151354589413177
1060.0,1.124010676105881
1070.0,1.3230646242719968
1079.0,1.3626811806141597
1089.0,1.3028046668629953
1099.0,1.1697863052711808
1108.0,1.1084223021935278
1118.0,0.9652978814852957
1128.0,0.8616843969807042
1138.0,0.7705841939723393
1147.0,0.7427651041883968
1157.0,0.67394361781977
1167.0,0.6031583540000088
1176.0,0.5936328831862332
1186.0,0.5446099521676041
1195.0,0.5016971197844372
1205.0,0.48363209157374987
1215.0,0.46368092477478523
1224.0,0.47085029467974215
1234.0,0.4589117562233506
1244.0,0.4256759330758553
1253.0,0.39446165846632036
1263.0,0.37775653535048204
1273.0,0.37161808352124087
1283.0,0.38444765573482176
1292.0,0.43150898020782835
1302.0,0.5383307533477909
1312.0,0.7699350621968062
1321.0,1.038652973807903
1331.0,1.259404621239735
1341.0,1.440173600646811
1350.0,1.6647221990470362
1360.0,2.138270329027647
1370.0,2.532863991611077
1379.0,2.570875337312177
1389.0,2.3453357968529795
1399.0,1.7729636206081614
1408.0,1.1757976016304845
1418.0,0.8766983517721475
1427.0,0.7831985699680509
1437.0,0.6689544080129826
1447.0,0.7965550828411052
1457.0,1.180084742719776
1466.0,1.4467204291085407
1476.0,1.4430523206037957
1486.0,1.4558159224297555
1495.0,1.422286890890864
1505.0,1.3733171520082315
1515.0,1.2500399993600204
1524.0,1.157281296833229
1534.0,1.1173629669896885
1544.0,0.9596353474106714
1553.0,0.7908223567907018
1563.0,0.7580897044545585
1573.0,0.9161331780914825
1583.0,1.0036931802099682
1592.0,1.0418253212511204
1602.0,1.121160113453917
1611.0,1.2152777460317454
1621.0,1.3749545447032059
1631.0,1.4010710188994704
1640.0,1.1983738982471206
1650.0,1.01316336293808
1660.0,0.9197282207261013
1669.0,0.8764131445842194
1679.0,0.8668333173107734
1689.0,0.8339064695755753
1699.0,0.8700574693662483
1708.0,0.9248783703817492
1718.0,0.96850400102426
1727.0,0.9556673061269806
1737.0,0.9377632963600143
1747.0,0.9255268769733269
1756.0,0.9153687781435413
1766.0,0.8900561780022651
1776.0,0.898943824718764
1785.0,0.9071934744033381
1795.0,0.9354143466934854
1805.0,0.9476286192385707
1815.0,0.9405317644821998
1824.0,0.9539916142189091
1834.0,0.9621330469326994
1844.0,0.9815294188153506
1853.0,1.0096038827183658
1863.0,1.05152270541344
1873.0,1.0689246933250256
1882.0,1.0892658077806354
1892.0,1.1060289327137878
1901.0,1.122719911643149
1911.0,1.1576700738984316
1921.0,1.2539936203984452
1931.0,1.2896511156122805
1940.0,1.2500799974401637
1950.0,1.2244182292011174
1960.0,1.244025723206719
1969.0,1.3325539388707686
1979.0,1.410070920202243
1989.0,1.4482403115505382
1998.0,1.4689451997947371
2008.0,1.4135770230164324
2017.0,1.4252017401055892
2027.0,1.413683132813008
2037.0,1.294526940623485
2047.0,1.2561448961007642
2056.0,1.243543324536785
2066.0,1.3806158046321215
2076.0,1.5920741188776357
2085.0,1.6854969593564981
2095.0,1.7201453426963664
2105.0,1.6205554603283405
2114.0,1.4270949512909084
2124.0,1.140701538527936
2134.0,1.0860018416190647
2143.0,1.2632497773599645
2153.0,1.4106381534610497
2163.0,1.3612494260788504
2172.0,1.3979985693841035
2182.0,1.2660963628413122
2192.0,1.183469475736489
2201.0,1.0068266980965492
2211.0,0.8025584090893323
2221.0,0.7503332592921628
2230.0,0.6618912297349165
2240.0,0.6172519744804386
2250.0,0.5758472019555188
2260.0,0.5287721626560914
2269.0,0.5177837386399847
2279.0,0.49244289008980524
2288.0,0.47465777145223276
2298.0,0.4561797891182817
2308.0,0.45999999999999996
2318.0,0.463033476111609
2327.0,0.452658811910251
2337.0,0.42743420546325017
2347.0,0.4124318125460256
2356.0,0.42766809560686186
2366.0,0.4701063709417263
2375.0,0.5588380803059148
2385.0,0.738173421358423
2395.0,0.9561380653441217
2405.0,1.1672617529928753
2414.0,1.3653204751998704
2424.0,1.5408114745159447
2433.0,1.8726718879718358
2443.0,2.3306651411131547
2453.0,2.464325465517897
2463.0,2.3247150363001485
2472.0,1.961733926912618
2482.0,1.3069047402163632
2491.0,0.9231467922275417
2501.0,0.7608547824650904
2511.0,0.609343909463285
2521.0,0.552268050859363
2530.0,0.9036038955205982
2540.0,1.4681280598094977
2550.0,1.8496756472419698
2559.0,1.9423954283306992
2569.0,2.0454094944533723
2579.0,1.7684456451924102
2588.0,1.2093386622447826
2598.0,1.1943617542436629
2608.0,1.232801687214939
2617.0,1.293290377293514
2627.0,1.0607544484940894
2637.0,0.9902524930541705
2646.0,0.9673675619949224
2656.0,0.9060905032059435
2666.0,0.8802840450672725
2675.0,0.8548099203916623
2685.0,0.9664884893261793
2695.0,1.2202049008260867
2704.0,1.4878171930717832
2714.0,1.3959226339593467
2724.0,1.1325193155085702
2734.0,0.9835649444749441
2743.0,0.9131812525451888
2753.0,0.846994687114388
2763.0,0.8271638289964087
2772.0,0.8618584570566098
2782.0,0.9154780172128657
2792.0,0.9445633912025175
2801.0,0.9555103348473003
2811.0,0.9009439494219382
2820.0,0.8618004409374598
2830.0,0.7949842765740717
2840.0,0.7950471684120383
2849.0,0.8329465769183519
2859.0,0.858545281275251
2869.0,0.8836854644046149
2879.0,0.9135644476444998
2888.0,0.9377632963600143
2898.0,0.960728889958036
2907.0,0.9712878049270464
2917.0,0.9982484660644363
2927.0,1.0469479452198185
2936.0,1.106932698947863
2946.0,1.149652121295829
2956.0,1.1453383779477573
2966.0,1.153342967204465
2975.0,1.1797457353175724
2985.0,1.2428193754524428
2994.0,1.2434629065637623
3004.0,1.2336125809993994
3014.0,1.240725594158515
3024.0,1.255706972187381
3033.0,1.3138493064274912
3043.0,1.423551895787435
3053.0,1.5548954948806044
3062.0,1.6047429700734008
3072.0,1.5216109883935511
3082.0,1.4340502083260542
3091.0,1.4663219291819922
3101.0,1.3876959321119307
3111.0,1.2628935030318273
3120.0,1.2479583326377528
3130.0,1.2896898852049667
3140.0,1.533394926299158
3149.0,1.7345316370709412
3159.0,1.798026696131067
3168.0,1.6976454282328806
3178.0,1.458698049631931
3188.0,1.2213107712617621
3198.0,1.1727744881263404
3208.0,1.2066896867049126
3217.0,1.504460036026215
3227.0,1.543437721451695
3236.0,1.4737706741552432
3246.0,1.3227622613304326
3256.0,1.170341830406826
3265.0,1.0331021246711285
3275.0,0.886171540955813
3285.0,0.7634788798650556
3294.0,0.6911584478250988
3304.0,0.6149796744608719
3314.0,0.5647123161398201
3323.0,0.5119570294468082
3333.0,0.49457052075512953
3343.0,0.4474371464239419
3353.0,0.42154477816715985
3362.0,0.3889730067755345
3372.0,0.38600518131237566
3382.0,0.383275357934736
3391.0,0.41496987842492855
3401.0,0.3419064199455752
3411.0,0.34380226875342174
3420.0,0.3397057550292606
3430.0,0.37013511046643494
3440.0,0.48466483264210536
3449.0,0.7247068372797375
3459.0,0.9555103348473002
3468.0,1.1427160627207442
3478.0,1.367223463812701
3488.0,1.7417519915303672
3497.0,2.3331952340085045
3507.0,2.7150138121195626
3517.0,2.5536248745655654
3527.0,2.1800458710770285
3536.0,1.4693535993762699
3546.0,1.056929515152264
3556.0,0.8514693182963201
3565.0,0.6706713054842885
3575.0,0.751598296964542
3584.0,1.2384667940643383
3594.0,1.9112822920751398
3604.0,2.104566463668943
3613.0,2.1367732682715777
3623.0,2.3369424468736923
3633.0,2.3309440147716973
3643.0,1.5397727104998322
3652.0,1.3383945606584031
3662.0,1.139912277326637
3672.0,0.94451045520947
3681.0,0.6391400472509918
3691.0,0.4448595283907045
3701.0,0.702068372738724
3710.0,0.8273451516749221
3720.0,0.9403190947758108
3730.0,1.0707940978544848
3739.0,1.1840185809352826
3749.0,1.3494072772888102
3759.0,1.53668474320532
3768.0,1.5029637387508723
3778.0,1.1504347004502253
3788.0,0.9097252332435326
3797.0,0.831925477431723
3807.0,0.8000624975587844
3817.0,0.7913279977354523
3826.0,0.7756932383358771
3836.0,0.8345657553482528
3846.0,0.9011104260855048
3855.0,0.9544631999192006
3865.0,0.9734988443752771
3875.0,0.9203260291874831
3884.0,0.8879752248796133
3894.0,0.841961994391671
3904.0,0.8358229477586746
3914.0,0.8453401682163222
3923.0,0.8919641248391104
3933.0,0.9403722667114338
3943.0,0.9667471230885561
3952.0,0.9863569333664157
3962.0,0.9992997548283498
3971.0,1.0245486811274513
3981.0,1.0552724766618335
3991.0,1.0724271537032248
4001.0,1.0989540481748998
4010.0,1.1307077429645558
4020.0,1.1897478724502935
4030.0,1.2078493283518437
4039.0,1.228495014234897
4049.0,1.2761661333854617
4059.0,1.2562245022288014
4068.0,1.2260505699195283
4078.0,1.2350303639992015
4088.0,1.270511707935035
4097.0,1.3385813385820078
4107.0,1.3817018491700732
4117.0,1.4413188405068462
4126.0,1.522957648787385
4136.0,1.5259423318068084
4146.0,1.4562966730718023
4155.0,1.3285706605220515
4165.0,1.2834718539960275
4175.0,1.406484980367725
4184.0,1.6023108312683905
4194.0,1.8224708502469937
4204.0,1.8368723417809958
4213.0,1.8628204422326913
4223.0,1.6983815825661792
4233.0,1.4125508840392265
4242.0,1.234220401711137
4252.0,1.2707871576310488
4262.0,1.299115083431795
4271.0,1.322119510483073
4281.0,1.2794530081249564
4291.0,1.3379088160259651
4300.0,1.2304877081872863
4310.0,1.1479111463872107
4320.0,1.035519193448388
4330.0,0.8591856609604236
4339.0,0.7118286310622802
4349.0,0.6419501538281613
4358.0,0.5447935388750494
4368.0,0.48363209157374987
4378.0,0.4678675026115834
4388.0,0.47381430961928533
4397.0,0.5103920062069938
4407.0,0.4984977432245807
4417.0,0.5048762224545735
4426.0,0.5096076922496363
4436.0,0.5386093203798092
4446.0,0.49668903752750576
4455.0,0.48466483264210536
4465.0,0.4666904755831214
4475.0,0.4267317658670374
4484.0,0.4042276586281548
4494.0,0.42047592083257274
4504.0,0.4928488612140643
4513.0,0.638200595424354
4523.0,0.8792041856133306
4533.0,1.1333578428722324
4542.0,1.3800000000000001
4552.0,1.640762018087937
4562.0,2.017969276277516
4571.0,2.3536142419691464
4581.0,2.5151739502467816
4590.0,2.478447094452492
4600.0,2.3495105873351583
4610.0,1.5673544589530475
4620.0,1.0377861051295685
4629.0,0.8551608035919326
4639.0,0.6457553716385176
4649.0,0.5140038910358559
4658.0,0.977445650662992
4668.0,1.6818442258425719
4677.0,2.236716343213864
4687.0,2.248043593883357
4697.0,2.028718807523606
4707.0,1.6702993743637695
4716.0,1.1643023662262308
4726.0,1.096540012949824
4736.0,1.0502380682492898
4745.0,0.94424573072903
4755.0,0.7174259543674175
4765.0,0.6105735008989499
4774.0,0.7509993342207435
4784.0,0.8045495634204272
4794.0,0.8900561780022652
4804.0,0.9928242543370907
4813.0,1.1126994203287786
4823.0,1.3128594745821047
4832.0,1.481283227475421
4842.0,1.3857128129594531
4852.0,1.0923827168167757
4862.0,0.9113725912051557
4871.0,0.880056816347672
4881.0,0.8748142660016467
4891.0,0.8870738413458036
4900.0,0.9122499657440388
4910.0,0.9326842981416595
4919.0,0.9652460826131334
4929.0,0.9835649444749441
4939.0,0.9409038208021052
4949.0,0.8734414691323054
4958.0,0.8509406559801923
4968.0,0.8603487664894977
4978.0,0.8829496021857646
4987.0,0.8964931678490361
4997.0,0.8956003573022958
5006.0,0.903935838431025
5016.0,0.9168424073961675
5026.0,0.9219544457292888
5035.0,0.9539916142189092
5045.0,0.9640539403996023
5055.0,0.9916148445843275
5064.0,1.0086624807139402
5074.0,1.0230347012687302
5084.0,1.042401074443038
5093.0,1.0780538019969135
5103.0,1.1342839150759392
5113.0,1.174563748802082
5123.0,1.228495014234897
5132.0,1.2157713600837945
5142.0,1.2046991325638114
5152.0,1.1902100654926424
5161.0,1.184989451429843
5171.0,1.2409673645990855
5181.0,1.3468852957843145
5190.0,1.5212166183683373
5200.0,1.48489056835849
5209.0,1.4190489773083943
5219.0,1.409290601685827
5229.0,1.40164189435105
5239.0,1.3501851724856113
5248.0,1.3753908535394586
5258.0,1.4818232013300372
5268.0,1.5227278154680173
5277.0,1.7244999275152202
5287.0,1.8533483212823219
5297.0,1.8541035569784121
5306.0,1.7407469661039194
5316.0,1.5552170266557654
5326.0,1.3872995350680402
5335.0,1.222620137246234
5345.0,1.16215317406958
5355.0,1.136001760562016
5365.0,1.1501738998951418
5374.0,1.1322985472038725
5384.0,1.1130588483993107
5393.0,1.132254388377453
5403.0,1.065926826756884
