11.0,0.5735852159879995
25.0,0.6110646446980875
35.0,0.6426507605223851
44.0,0.6803675477269621
54.0,0.7739509028355739
63.0,0.9133454987024351
73.0,0.9982985525382675
83.0,1.0429285689825551
93.0,1.0503332804400707
102.0,1.0373041983911953
112.0,1.0297086966710536
122.0,1.0008995953640905
131.0,0.9962931295557548
141.0,1.0226436329435586
151.0,1.0377379245262264
160.0,1.0481412118603104
170.0,1.0756393447619885
180.0,1.110765501804949
189.0,1.1240551587889271
199.0,1.1014989786649827
209.0,1.1025878649794765
218.0,1.082866566110525
228.0,1.104581368664165
238.0,1.1663618649458667
248.0,1.26893656263818
257.0,1.422603247571156
267.0,1.5535121499363949
277.0,1.642071862008481
286.0,1.6843099477233991
296.0,1.7437889780589853
305.0,1.7768230075052496
315.0,1.7089763017666455
325.0,1.6867424225411538
334.0,1.5980613254815974
344.0,1.5542844012599495
354.0,1.4218298069740978
363.0,1.3740815114104403
373.0,1.4214077528985127
383.0,1.6526342608090876
392.0,1.6580711685570073
402.0,1.6570757375569771
412.0,1.3529966740535617
422.0,1.2168812596141005
431.0,1.2596031120952345
441.0,1.4379847008921895
450.0,1.5337861650177969
460.0,1.6324215141929488
470.0,1.6253307355735325
479.0,1.4406595711687062
489.0,1.180550718944341
499.0,0.8355836283700153
509.0,0.6427285585688565
518.0,0.5377731863899501
528.0,0.494368283772331
537.0,0.45978255730290596
547.0,0.40062451248020264
557.0,0.3313608305156178
567.0,0.34583232931581165
576.0,0.35468295701936403
586.0,0.38000000000000006
596.0,0.4054626986542658
605.0,0.4768647607026546
615.0,0.6070420084310475
625.0,0.7011419257183242
634.0,0.7914543574963752
644.0,0.9681941953967707
654.0,1.1241885962773328
664.0,1.1669618674146984
673.0,1.1997499739529065
683.0,1.2692123541787639
692.0,1.2839392508993561
702.0,1.2651086909827154
712.0,1.2018735374406078
721.0,1.2875946567146044
731.0,1.4051690289783647
741.0,1.4969635934116765
750.0,1.4236923825040295
760.0,1.4766177569025778
770.0,1.5543809056984712
779.0,1.5119193100162456
789.0,1.6245922565370057
799.0,1.5890248582070705
809.0,1.5846135175493108
818.0,1.5166080574756287
828.0,1.3316906547693426
837.0,1.2105370708904375
847.0,1.2516389255691915
857.0,1.2164703037887936
866.0,1.1193301568348815
876.0,1.0927945827098522
886.0,1.0923827168167757
896.0,1.2883322552819982
905.0,1.2290240030202828
915.0,1.1077003204838392
924.0,1.0126203632161463
934.0,1.028688485402651
944.0,0.9974968671630001
953.0,0.9814784765851975
963.0,0.9364293886887574
973.0,0.8670640114778146
983.0,0.7692853826766761
992.0,0.6648308055437865
1002.0,0.6024118192731613
1011.0,0.5828378848359123
1021.0,0.5856620185738528
1031.0,0.5492722457943784
1041.0,0.520192272145598
1050.0,0.5928743543112656
1060.0,0.6172519744804387
1070.0,0.6813956266369781
1079.0,0.7711031059462801
1089.0,0.838212383587835
1098.0,0.8981091247727083
1108.0,0.9154780172128656
1118.0,0.8203048213926333
1128.0,0.8195730595865142
1137.0,0.9001111042532471
1147.0,1.000999500499376
1157.0,1.079166344916297
1167.0,1.061414151026827
1176.0,1.0169562429131354
1186.0,1.0109896141899777
1195.0,0.9914131328563284
1205.0,0.9860527369263776
1215.0,1.0139526616169021
1224.0,1.051142235855833
1234.0,1.0984989758757173
1244.0,1.1532996141506335
1254.0,1.1898319209031165
1263.0,1.1916794871105234
1273.0,1.1667904696216882
1282.0,1.1372334852614918
1292.0,1.1064357188738982
1302.0,1.1395174417269796
1312.0,1.2797265332874832
1321.0,1.4649573372627613
1331.0,1.5809807082946963
1341.0,1.64335023655945
1350.0,1.681041343929411
1360.0,1.7208428167616006
1369.0,1.8531594642663647
1379.0,1.953995905829897
1389.0,1.940412327316027
1398.0,1.8130912828647099
1408.0,1.6155494421403511
1418.0,1.6543276579928174
1428.0,1.5850236591294151
1437.0,1.549870962370739
1447.0,1.3777155003846042
1457.0,1.2842507543311001
1466.0,1.1599137898999219
1476.0,1.224826518328208
1486.0,1.3956360557108003
1495.0,1.4566056432679368
1505.0,1.5319921670818033
1514.0,1.5227606509231844
1524.0,1.420809628345754
1534.0,1.2592855117089214
1544.0,1.0245974819410792
1553.0,0.7616429609731846
1563.0,0.6326136261573885
1573.0,0.5953990258641678
1582.0,0.5292447448959696
1592.0,0.5475399528801529
1601.0,0.49376107582514034
1611.0,0.47053161424074363
1621.0,0.41048751503547587
1631.0,0.40274061131204536
1640.0,0.4511097427455984
1650.0,0.5223983154643591
1660.0,0.6530696746902278
1670.0,0.6587108622149782
1679.0,0.7163099887618489
1689.0,0.7703246069028303
1699.0,0.8306021911842034
1708.0,0.8523496934944014
1718.0,0.9099450532861861
1727.0,0.9627564593395362
1737.0,1.004290794541103
1747.0,1.0699532700076204
1756.0,1.1254776763667949
1766.0,1.1670475568716128
1776.0,1.18536914081648
1786.0,1.3009996156801893
1795.0,1.43
1805.0,1.4376717288727632
1815.0,1.4230249470757708
1824.0,1.5203617990465297
1834.0,1.5408114745159447
1843.0,1.627206194678474
1853.0,1.919114379082185
1863.0,1.9546099355114308
1872.0,1.8536720314014559
1882.0,1.5640012787718558
1892.0,1.3574240310234678
1901.0,1.3238202294873727
1911.0,1.2586897949852458
1921.0,1.1571516754514075
1931.0,1.0277645644796283
1940.0,0.9121951545584968
1950.0,0.999699954986495
1959.0,1.0750813922675808
1969.0,1.0000499987500624
1979.0,0.967574286553751
1989.0,0.9077995373429093
1998.0,0.920271699010678
2008.0,1.000649788887201
2017.0,0.9954396013822235
2027.0,0.9110982383914481
2037.0,0.8129575634681063
2046.0,0.7007139216541941
2056.0,0.6667083320313314
2066.0,0.671863081289633
2076.0,0.6819090848492928
2086.0,0.6612866246946176
2095.0,0.5987486951969081
2105.0,0.610819122163018
2114.0,0.6519969325081215
2124.0,0.7313002119512888
2134.0,0.7324616030891995
2143.0,0.7545859791965392
2153.0,0.8242572413997951
2163.0,0.8000624975587844
2173.0,0.9153687781435413
2182.0,0.9884331034521254
2192.0,1.1292475370794484
2202.0,1.2071868123865503
2211.0,1.2130127781684743
2221.0,1.1893275410920239
2230.0,1.0882095386459356
2240.0,1.0054352291420865
2250.0,0.9087904048789248
2259.0,0.8716650732936361
2269.0,0.8778382538941898
2279.0,0.8980534505250787
2289.0,0.8860022573334675
2298.0,0.8893255871726621
2308.0,0.9250405396521819
2317.0,1.023083574298796
2327.0,1.120267825120404
2337.0,1.1193301568348812
2346.0,1.0639548862616308
2356.0,1.0599528291391083
2366.0,1.1154819586169917
2375.0,1.2563439019631528
2385.0,1.4079062468786763
2395.0,1.4683664392786973
2405.0,1.476312974948063
2414.0,1.4849242404917498
2424.0,1.4611296999240007
2434.0,1.5026643005009468
2443.0,1.6128856128070583
2453.0,1.6981754915202374
2463.0,1.6422241016377759
2472.0,1.5106952042023567
2482.0,1.4637281168304448
2492.0,1.4539944979263162
2501.0,1.6498484778912275
2511.0,1.5907859692617359
2521.0,1.4917439458566606
2530.0,1.3417153200288054
2540.0,1.1636150566231085
2550.0,1.0636728820459793
2559.0,1.1243220179290272
2569.0,1.4512753012437027
2579.0,1.5830666442067434
2588.0,1.6488177582740913
2598.0,1.6092234151913152
2608.0,1.4498965480336863
2617.0,1.221924711264978
2627.0,0.9626006440887104
2637.0,0.7670071707617864
2646.0,0.6841052550594827
2656.0,0.6866585760041157
2666.0,0.6216912416947822
2676.0,0.5818934610390463
2685.0,0.49254441424099005
2695.0,0.5056678751908212
2704.0,0.552630075185924
2714.0,0.5701754116059373
2724.0,0.5937171043518958
2733.0,0.5942221806698232
2743.0,0.6661080993352356
2753.0,0.6637770710110436
2763.0,0.7481978348003955
2772.0,0.8179242018671412
2782.0,0.8445708969648433
2791.0,0.8649855490122365
2801.0,0.9228759396581969
2811.0,0.9924716620639604
2820.0,1.0279105019407087
2830.0,1.0439827584783188
2840.0,1.0427847332982967
2850.0,1.0750813922675808
2859.0,1.2272734006732158
2869.0,1.4186613408421336
2879.0,1.4895636945092345
2888.0,1.4961951744341377
2898.0,1.46
2907.0,1.4485855169785455
2917.0,1.5921369287847071
2927.0,1.8027756377319946
2937.0,1.9971479664761949
2946.0,1.9589027540947508
2956.0,1.810524785801067
2966.0,1.5748968220172392
2975.0,1.2304877081872863
2985.0,0.9976472322419382
2995.0,0.8954328562209453
3004.0,0.8513518661517105
3014.0,0.8783507272155013
3024.0,0.886904729945669
3033.0,0.7699350621968064
3043.0,0.8030566605165541
3053.0,0.8882004278314664
3062.0,1.0336827366266692
3072.0,1.1742657280190034
3082.0,1.2580143083447024
3091.0,1.2230290266383705
3101.0,1.1170496855556606
3111.0,1.0149876846543509
3120.0,1.036822067666386
3130.0,1.0062305898749053
3140.0,0.972111104761179
3149.0,0.9132907532653552
3159.0,0.8775534171775528
3169.0,0.8587199776411399
3178.0,0.8398809439438426
3188.0,0.7872102641607259
3198.0,0.7756932383358772
3207.0,0.7543871685016919
3217.0,0.7139327699440614
3227.0,0.7071067811865476
3236.0,0.7794228634059948
3246.0,0.8905616205518851
3256.0,1.0052860289489753
3266.0,1.0758252646224664
3275.0,1.0780538019969133
3285.0,1.0379306335203717
3295.0,0.9916652661054535
3304.0,0.9732933781753578
3314.0,0.9341306118525396
3324.0,0.9207605551933684
3333.0,0.9226592003551475
3343.0,0.9417536832951596
3353.0,0.9405317644821997
3362.0,0.908955444452587
3372.0,0.8471127433818948
3381.0,0.8283115355951527
3391.0,0.8296987405076617
3401.0,0.8005623023850174
3411.0,0.8067837380611982
3420.0,0.867928568489366
3430.0,1.0110390694725897
3440.0,1.2030793822520607
3449.0,1.4051690289783645
3459.0,1.5473202641987212
3469.0,1.5571127126833175
3478.0,1.4985993460561766
3488.0,1.458012345626744
3497.0,1.4381933110677438
3507.0,1.3381330277666716
3517.0,1.149826073804208
3527.0,1.0212737145349429
3536.0,0.9786725703727472
3546.0,0.9557196241576292
3556.0,0.983717439105356
3565.0,1.0146920715172658
3575.0,1.0663957989414625
3585.0,1.0951255635770722
3594.0,1.1512601791080936
